::1 - - [26/Dec/2020:16:30:52 +0000] "GET / HTTP/1.1" 304 - "-" "Mozilla/5.0 (Windows NT 10.0; Win64; x64) AppleWebKit/537.36 (KHTML, like Gecko) Chrome/87.0.4280.88 Safari/537.36"
::1 - - [26/Dec/2020:16:30:59 +0000] "GET /users/sign-in HTTP/1.1" 304 - "http://localhost:9000/" "Mozilla/5.0 (Windows NT 10.0; Win64; x64) AppleWebKit/537.36 (KHTML, like Gecko) Chrome/87.0.4280.88 Safari/537.36"
::1 - - [26/Dec/2020:16:31:00 +0000] "GET /users/sign-up HTTP/1.1" 304 - "http://localhost:9000/users/sign-in" "Mozilla/5.0 (Windows NT 10.0; Win64; x64) AppleWebKit/537.36 (KHTML, like Gecko) Chrome/87.0.4280.88 Safari/537.36"
::1 - - [26/Dec/2020:16:31:01 +0000] "GET / HTTP/1.1" 304 - "http://localhost:9000/users/sign-up" "Mozilla/5.0 (Windows NT 10.0; Win64; x64) AppleWebKit/537.36 (KHTML, like Gecko) Chrome/87.0.4280.88 Safari/537.36"
::1 - - [27/Dec/2020:06:39:17 +0000] "GET / HTTP/1.1" 200 2497 "-" "Mozilla/5.0 (Windows NT 10.0; Win64; x64) AppleWebKit/537.36 (KHTML, like Gecko) Chrome/87.0.4280.88 Safari/537.36"
::1 - - [27/Dec/2020:06:39:17 +0000] "GET /undefined HTTP/1.1" 404 148 "http://localhost:9000/" "Mozilla/5.0 (Windows NT 10.0; Win64; x64) AppleWebKit/537.36 (KHTML, like Gecko) Chrome/87.0.4280.88 Safari/537.36"
::1 - - [27/Dec/2020:06:39:17 +0000] "GET /css/header.css HTTP/1.1" 404 153 "http://localhost:9000/" "Mozilla/5.0 (Windows NT 10.0; Win64; x64) AppleWebKit/537.36 (KHTML, like Gecko) Chrome/87.0.4280.88 Safari/537.36"
::1 - - [27/Dec/2020:06:39:17 +0000] "GET /css/footer.css HTTP/1.1" 404 153 "http://localhost:9000/" "Mozilla/5.0 (Windows NT 10.0; Win64; x64) AppleWebKit/537.36 (KHTML, like Gecko) Chrome/87.0.4280.88 Safari/537.36"
::1 - - [27/Dec/2020:06:39:17 +0000] "GET /css/home.css HTTP/1.1" 404 151 "http://localhost:9000/" "Mozilla/5.0 (Windows NT 10.0; Win64; x64) AppleWebKit/537.36 (KHTML, like Gecko) Chrome/87.0.4280.88 Safari/537.36"
::1 - - [27/Dec/2020:06:39:17 +0000] "GET /css/chat_box.css HTTP/1.1" 404 155 "http://localhost:9000/" "Mozilla/5.0 (Windows NT 10.0; Win64; x64) AppleWebKit/537.36 (KHTML, like Gecko) Chrome/87.0.4280.88 Safari/537.36"
::1 - - [27/Dec/2020:06:39:17 +0000] "GET /js/home_posts.js HTTP/1.1" 404 155 "http://localhost:9000/" "Mozilla/5.0 (Windows NT 10.0; Win64; x64) AppleWebKit/537.36 (KHTML, like Gecko) Chrome/87.0.4280.88 Safari/537.36"
::1 - - [27/Dec/2020:06:39:17 +0000] "GET /js/home_post_comments.js HTTP/1.1" 404 163 "http://localhost:9000/" "Mozilla/5.0 (Windows NT 10.0; Win64; x64) AppleWebKit/537.36 (KHTML, like Gecko) Chrome/87.0.4280.88 Safari/537.36"
::1 - - [27/Dec/2020:06:39:17 +0000] "GET /js/toggle_likes.js HTTP/1.1" 404 157 "http://localhost:9000/" "Mozilla/5.0 (Windows NT 10.0; Win64; x64) AppleWebKit/537.36 (KHTML, like Gecko) Chrome/87.0.4280.88 Safari/537.36"
::1 - - [27/Dec/2020:06:39:17 +0000] "GET /js/chat_engine.js HTTP/1.1" 404 156 "http://localhost:9000/" "Mozilla/5.0 (Windows NT 10.0; Win64; x64) AppleWebKit/537.36 (KHTML, like Gecko) Chrome/87.0.4280.88 Safari/537.36"
::1 - - [27/Dec/2020:06:39:17 +0000] "GET /undefined HTTP/1.1" 404 148 "http://localhost:9000/" "Mozilla/5.0 (Windows NT 10.0; Win64; x64) AppleWebKit/537.36 (KHTML, like Gecko) Chrome/87.0.4280.88 Safari/537.36"
::1 - - [27/Dec/2020:06:39:17 +0000] "GET /css/header.css HTTP/1.1" 404 153 "http://localhost:9000/" "Mozilla/5.0 (Windows NT 10.0; Win64; x64) AppleWebKit/537.36 (KHTML, like Gecko) Chrome/87.0.4280.88 Safari/537.36"
::1 - - [27/Dec/2020:06:39:17 +0000] "GET /css/footer.css HTTP/1.1" 404 153 "http://localhost:9000/" "Mozilla/5.0 (Windows NT 10.0; Win64; x64) AppleWebKit/537.36 (KHTML, like Gecko) Chrome/87.0.4280.88 Safari/537.36"
::1 - - [27/Dec/2020:06:39:17 +0000] "GET /css/chat_box.css HTTP/1.1" 404 155 "http://localhost:9000/" "Mozilla/5.0 (Windows NT 10.0; Win64; x64) AppleWebKit/537.36 (KHTML, like Gecko) Chrome/87.0.4280.88 Safari/537.36"
::1 - - [27/Dec/2020:06:39:17 +0000] "GET /css/home.css HTTP/1.1" 404 151 "http://localhost:9000/" "Mozilla/5.0 (Windows NT 10.0; Win64; x64) AppleWebKit/537.36 (KHTML, like Gecko) Chrome/87.0.4280.88 Safari/537.36"
::1 - - [27/Dec/2020:06:39:17 +0000] "GET /js/home_post_comments.js HTTP/1.1" 404 163 "http://localhost:9000/" "Mozilla/5.0 (Windows NT 10.0; Win64; x64) AppleWebKit/537.36 (KHTML, like Gecko) Chrome/87.0.4280.88 Safari/537.36"
::1 - - [27/Dec/2020:06:39:17 +0000] "GET /js/home_posts.js HTTP/1.1" 404 155 "http://localhost:9000/" "Mozilla/5.0 (Windows NT 10.0; Win64; x64) AppleWebKit/537.36 (KHTML, like Gecko) Chrome/87.0.4280.88 Safari/537.36"
::1 - - [27/Dec/2020:06:39:17 +0000] "GET /js/toggle_likes.js HTTP/1.1" 404 157 "http://localhost:9000/" "Mozilla/5.0 (Windows NT 10.0; Win64; x64) AppleWebKit/537.36 (KHTML, like Gecko) Chrome/87.0.4280.88 Safari/537.36"
::1 - - [27/Dec/2020:06:39:17 +0000] "GET /js/chat_engine.js HTTP/1.1" 404 156 "http://localhost:9000/" "Mozilla/5.0 (Windows NT 10.0; Win64; x64) AppleWebKit/537.36 (KHTML, like Gecko) Chrome/87.0.4280.88 Safari/537.36"
::1 - - [27/Dec/2020:06:39:17 +0000] "GET /favicon.ico HTTP/1.1" 404 150 "http://localhost:9000/" "Mozilla/5.0 (Windows NT 10.0; Win64; x64) AppleWebKit/537.36 (KHTML, like Gecko) Chrome/87.0.4280.88 Safari/537.36"
::1 - - [27/Dec/2020:06:39:20 +0000] "GET /undefined HTTP/1.1" 404 148 "http://localhost:9000/" "Mozilla/5.0 (Windows NT 10.0; Win64; x64) AppleWebKit/537.36 (KHTML, like Gecko) Chrome/87.0.4280.88 Safari/537.36"
::1 - - [27/Dec/2020:06:39:20 +0000] "GET /css/footer.css HTTP/1.1" 404 153 "http://localhost:9000/" "Mozilla/5.0 (Windows NT 10.0; Win64; x64) AppleWebKit/537.36 (KHTML, like Gecko) Chrome/87.0.4280.88 Safari/537.36"
::1 - - [27/Dec/2020:06:39:20 +0000] "GET /css/home.css HTTP/1.1" 404 151 "http://localhost:9000/" "Mozilla/5.0 (Windows NT 10.0; Win64; x64) AppleWebKit/537.36 (KHTML, like Gecko) Chrome/87.0.4280.88 Safari/537.36"
::1 - - [27/Dec/2020:06:39:20 +0000] "GET /css/header.css HTTP/1.1" 404 153 "http://localhost:9000/" "Mozilla/5.0 (Windows NT 10.0; Win64; x64) AppleWebKit/537.36 (KHTML, like Gecko) Chrome/87.0.4280.88 Safari/537.36"
::1 - - [27/Dec/2020:06:39:20 +0000] "GET /css/chat_box.css HTTP/1.1" 404 155 "http://localhost:9000/" "Mozilla/5.0 (Windows NT 10.0; Win64; x64) AppleWebKit/537.36 (KHTML, like Gecko) Chrome/87.0.4280.88 Safari/537.36"
::1 - - [27/Dec/2020:06:39:52 +0000] "GET / HTTP/1.1" 304 - "-" "Mozilla/5.0 (Windows NT 10.0; Win64; x64) AppleWebKit/537.36 (KHTML, like Gecko) Chrome/87.0.4280.88 Safari/537.36"
::1 - - [27/Dec/2020:06:39:52 +0000] "GET /undefined HTTP/1.1" 404 148 "http://localhost:9000/" "Mozilla/5.0 (Windows NT 10.0; Win64; x64) AppleWebKit/537.36 (KHTML, like Gecko) Chrome/87.0.4280.88 Safari/537.36"
::1 - - [27/Dec/2020:06:39:52 +0000] "GET /css/header.css HTTP/1.1" 404 153 "http://localhost:9000/" "Mozilla/5.0 (Windows NT 10.0; Win64; x64) AppleWebKit/537.36 (KHTML, like Gecko) Chrome/87.0.4280.88 Safari/537.36"
::1 - - [27/Dec/2020:06:39:52 +0000] "GET /css/footer.css HTTP/1.1" 404 153 "http://localhost:9000/" "Mozilla/5.0 (Windows NT 10.0; Win64; x64) AppleWebKit/537.36 (KHTML, like Gecko) Chrome/87.0.4280.88 Safari/537.36"
::1 - - [27/Dec/2020:06:39:52 +0000] "GET /css/home.css HTTP/1.1" 404 151 "http://localhost:9000/" "Mozilla/5.0 (Windows NT 10.0; Win64; x64) AppleWebKit/537.36 (KHTML, like Gecko) Chrome/87.0.4280.88 Safari/537.36"
::1 - - [27/Dec/2020:06:39:52 +0000] "GET /css/chat_box.css HTTP/1.1" 404 155 "http://localhost:9000/" "Mozilla/5.0 (Windows NT 10.0; Win64; x64) AppleWebKit/537.36 (KHTML, like Gecko) Chrome/87.0.4280.88 Safari/537.36"
::1 - - [27/Dec/2020:06:39:52 +0000] "GET /js/home_post_comments.js HTTP/1.1" 404 163 "http://localhost:9000/" "Mozilla/5.0 (Windows NT 10.0; Win64; x64) AppleWebKit/537.36 (KHTML, like Gecko) Chrome/87.0.4280.88 Safari/537.36"
::1 - - [27/Dec/2020:06:39:52 +0000] "GET /js/home_posts.js HTTP/1.1" 404 155 "http://localhost:9000/" "Mozilla/5.0 (Windows NT 10.0; Win64; x64) AppleWebKit/537.36 (KHTML, like Gecko) Chrome/87.0.4280.88 Safari/537.36"
::1 - - [27/Dec/2020:06:39:52 +0000] "GET /js/toggle_likes.js HTTP/1.1" 404 157 "http://localhost:9000/" "Mozilla/5.0 (Windows NT 10.0; Win64; x64) AppleWebKit/537.36 (KHTML, like Gecko) Chrome/87.0.4280.88 Safari/537.36"
::1 - - [27/Dec/2020:06:39:52 +0000] "GET /js/chat_engine.js HTTP/1.1" 404 156 "http://localhost:9000/" "Mozilla/5.0 (Windows NT 10.0; Win64; x64) AppleWebKit/537.36 (KHTML, like Gecko) Chrome/87.0.4280.88 Safari/537.36"
::1 - - [27/Dec/2020:06:40:39 +0000] "GET / HTTP/1.1" 304 - "-" "Mozilla/5.0 (Windows NT 10.0; Win64; x64) AppleWebKit/537.36 (KHTML, like Gecko) Chrome/87.0.4280.88 Safari/537.36"
::1 - - [27/Dec/2020:06:40:39 +0000] "GET /undefined HTTP/1.1" 404 148 "http://localhost:9000/" "Mozilla/5.0 (Windows NT 10.0; Win64; x64) AppleWebKit/537.36 (KHTML, like Gecko) Chrome/87.0.4280.88 Safari/537.36"
::1 - - [27/Dec/2020:06:40:39 +0000] "GET /css/header.css HTTP/1.1" 404 153 "http://localhost:9000/" "Mozilla/5.0 (Windows NT 10.0; Win64; x64) AppleWebKit/537.36 (KHTML, like Gecko) Chrome/87.0.4280.88 Safari/537.36"
::1 - - [27/Dec/2020:06:40:39 +0000] "GET /css/footer.css HTTP/1.1" 404 153 "http://localhost:9000/" "Mozilla/5.0 (Windows NT 10.0; Win64; x64) AppleWebKit/537.36 (KHTML, like Gecko) Chrome/87.0.4280.88 Safari/537.36"
::1 - - [27/Dec/2020:06:40:39 +0000] "GET /css/home.css HTTP/1.1" 404 151 "http://localhost:9000/" "Mozilla/5.0 (Windows NT 10.0; Win64; x64) AppleWebKit/537.36 (KHTML, like Gecko) Chrome/87.0.4280.88 Safari/537.36"
::1 - - [27/Dec/2020:06:40:39 +0000] "GET /css/chat_box.css HTTP/1.1" 404 155 "http://localhost:9000/" "Mozilla/5.0 (Windows NT 10.0; Win64; x64) AppleWebKit/537.36 (KHTML, like Gecko) Chrome/87.0.4280.88 Safari/537.36"
::1 - - [27/Dec/2020:06:40:39 +0000] "GET /js/home_post_comments.js HTTP/1.1" 404 163 "http://localhost:9000/" "Mozilla/5.0 (Windows NT 10.0; Win64; x64) AppleWebKit/537.36 (KHTML, like Gecko) Chrome/87.0.4280.88 Safari/537.36"
::1 - - [27/Dec/2020:06:40:39 +0000] "GET /js/home_posts.js HTTP/1.1" 404 155 "http://localhost:9000/" "Mozilla/5.0 (Windows NT 10.0; Win64; x64) AppleWebKit/537.36 (KHTML, like Gecko) Chrome/87.0.4280.88 Safari/537.36"
::1 - - [27/Dec/2020:06:40:39 +0000] "GET /js/toggle_likes.js HTTP/1.1" 404 157 "http://localhost:9000/" "Mozilla/5.0 (Windows NT 10.0; Win64; x64) AppleWebKit/537.36 (KHTML, like Gecko) Chrome/87.0.4280.88 Safari/537.36"
::1 - - [27/Dec/2020:06:40:39 +0000] "GET /js/chat_engine.js HTTP/1.1" 404 156 "http://localhost:9000/" "Mozilla/5.0 (Windows NT 10.0; Win64; x64) AppleWebKit/537.36 (KHTML, like Gecko) Chrome/87.0.4280.88 Safari/537.36"
::1 - - [27/Dec/2020:06:41:28 +0000] "GET / HTTP/1.1" 304 - "-" "Mozilla/5.0 (Windows NT 10.0; Win64; x64) AppleWebKit/537.36 (KHTML, like Gecko) Chrome/87.0.4280.88 Safari/537.36"
::1 - - [27/Dec/2020:06:41:28 +0000] "GET /undefined HTTP/1.1" 404 148 "http://localhost:9000/" "Mozilla/5.0 (Windows NT 10.0; Win64; x64) AppleWebKit/537.36 (KHTML, like Gecko) Chrome/87.0.4280.88 Safari/537.36"
::1 - - [27/Dec/2020:06:41:28 +0000] "GET /css/header.css HTTP/1.1" 404 153 "http://localhost:9000/" "Mozilla/5.0 (Windows NT 10.0; Win64; x64) AppleWebKit/537.36 (KHTML, like Gecko) Chrome/87.0.4280.88 Safari/537.36"
::1 - - [27/Dec/2020:06:41:28 +0000] "GET /css/footer.css HTTP/1.1" 404 153 "http://localhost:9000/" "Mozilla/5.0 (Windows NT 10.0; Win64; x64) AppleWebKit/537.36 (KHTML, like Gecko) Chrome/87.0.4280.88 Safari/537.36"
::1 - - [27/Dec/2020:06:41:28 +0000] "GET /css/home.css HTTP/1.1" 404 151 "http://localhost:9000/" "Mozilla/5.0 (Windows NT 10.0; Win64; x64) AppleWebKit/537.36 (KHTML, like Gecko) Chrome/87.0.4280.88 Safari/537.36"
::1 - - [27/Dec/2020:06:41:28 +0000] "GET /css/chat_box.css HTTP/1.1" 404 155 "http://localhost:9000/" "Mozilla/5.0 (Windows NT 10.0; Win64; x64) AppleWebKit/537.36 (KHTML, like Gecko) Chrome/87.0.4280.88 Safari/537.36"
::1 - - [27/Dec/2020:06:41:28 +0000] "GET /js/home_post_comments.js HTTP/1.1" 404 163 "http://localhost:9000/" "Mozilla/5.0 (Windows NT 10.0; Win64; x64) AppleWebKit/537.36 (KHTML, like Gecko) Chrome/87.0.4280.88 Safari/537.36"
::1 - - [27/Dec/2020:06:41:28 +0000] "GET /js/home_posts.js HTTP/1.1" 404 155 "http://localhost:9000/" "Mozilla/5.0 (Windows NT 10.0; Win64; x64) AppleWebKit/537.36 (KHTML, like Gecko) Chrome/87.0.4280.88 Safari/537.36"
::1 - - [27/Dec/2020:06:41:28 +0000] "GET /js/toggle_likes.js HTTP/1.1" 404 157 "http://localhost:9000/" "Mozilla/5.0 (Windows NT 10.0; Win64; x64) AppleWebKit/537.36 (KHTML, like Gecko) Chrome/87.0.4280.88 Safari/537.36"
::1 - - [27/Dec/2020:06:41:28 +0000] "GET /js/chat_engine.js HTTP/1.1" 404 156 "http://localhost:9000/" "Mozilla/5.0 (Windows NT 10.0; Win64; x64) AppleWebKit/537.36 (KHTML, like Gecko) Chrome/87.0.4280.88 Safari/537.36"
[0mGET / [32m200[0m 81.274 ms - 3671[0m
[0mGET /css/layout.css [33m404[0m 118.112 ms - 153[0m
[0mGET / [32m200[0m 51.928 ms - 3672[0m
[0mGET /css/layout.css [33m404[0m 9.135 ms - 153[0m
[0mGET /css/layout.css [33m404[0m 5.183 ms - 153[0m
[0mGET / [32m200[0m 41.686 ms - 3672[0m
::1 - - [27/Dec/2020:07:05:41 +0000] "GET / HTTP/1.1" 200 2514 "-" "Mozilla/5.0 (Windows NT 10.0; Win64; x64) AppleWebKit/537.36 (KHTML, like Gecko) Chrome/87.0.4280.88 Safari/537.36"
::1 - - [27/Dec/2020:07:05:42 +0000] "GET /css/header.css HTTP/1.1" 404 153 "http://localhost:9000/" "Mozilla/5.0 (Windows NT 10.0; Win64; x64) AppleWebKit/537.36 (KHTML, like Gecko) Chrome/87.0.4280.88 Safari/537.36"
::1 - - [27/Dec/2020:07:05:42 +0000] "GET /css/home.css HTTP/1.1" 404 151 "http://localhost:9000/" "Mozilla/5.0 (Windows NT 10.0; Win64; x64) AppleWebKit/537.36 (KHTML, like Gecko) Chrome/87.0.4280.88 Safari/537.36"
::1 - - [27/Dec/2020:07:05:42 +0000] "GET /css/footer.css HTTP/1.1" 404 153 "http://localhost:9000/" "Mozilla/5.0 (Windows NT 10.0; Win64; x64) AppleWebKit/537.36 (KHTML, like Gecko) Chrome/87.0.4280.88 Safari/537.36"
::1 - - [27/Dec/2020:07:05:42 +0000] "GET /js/home_post_comments.js HTTP/1.1" 404 163 "http://localhost:9000/" "Mozilla/5.0 (Windows NT 10.0; Win64; x64) AppleWebKit/537.36 (KHTML, like Gecko) Chrome/87.0.4280.88 Safari/537.36"
::1 - - [27/Dec/2020:07:05:42 +0000] "GET /css/chat_box.css HTTP/1.1" 404 155 "http://localhost:9000/" "Mozilla/5.0 (Windows NT 10.0; Win64; x64) AppleWebKit/537.36 (KHTML, like Gecko) Chrome/87.0.4280.88 Safari/537.36"
::1 - - [27/Dec/2020:07:05:42 +0000] "GET /js/home_posts.js HTTP/1.1" 404 155 "http://localhost:9000/" "Mozilla/5.0 (Windows NT 10.0; Win64; x64) AppleWebKit/537.36 (KHTML, like Gecko) Chrome/87.0.4280.88 Safari/537.36"
::1 - - [27/Dec/2020:07:05:42 +0000] "GET /js/toggle_likes.js HTTP/1.1" 404 157 "http://localhost:9000/" "Mozilla/5.0 (Windows NT 10.0; Win64; x64) AppleWebKit/537.36 (KHTML, like Gecko) Chrome/87.0.4280.88 Safari/537.36"
::1 - - [27/Dec/2020:07:05:42 +0000] "GET /js/chat_engine.js HTTP/1.1" 404 156 "http://localhost:9000/" "Mozilla/5.0 (Windows NT 10.0; Win64; x64) AppleWebKit/537.36 (KHTML, like Gecko) Chrome/87.0.4280.88 Safari/537.36"
::1 - - [27/Dec/2020:07:05:42 +0000] "GET /css/header.css HTTP/1.1" 404 153 "http://localhost:9000/" "Mozilla/5.0 (Windows NT 10.0; Win64; x64) AppleWebKit/537.36 (KHTML, like Gecko) Chrome/87.0.4280.88 Safari/537.36"
::1 - - [27/Dec/2020:07:05:42 +0000] "GET /css/footer.css HTTP/1.1" 404 153 "http://localhost:9000/" "Mozilla/5.0 (Windows NT 10.0; Win64; x64) AppleWebKit/537.36 (KHTML, like Gecko) Chrome/87.0.4280.88 Safari/537.36"
::1 - - [27/Dec/2020:07:05:42 +0000] "GET /css/home.css HTTP/1.1" 404 151 "http://localhost:9000/" "Mozilla/5.0 (Windows NT 10.0; Win64; x64) AppleWebKit/537.36 (KHTML, like Gecko) Chrome/87.0.4280.88 Safari/537.36"
::1 - - [27/Dec/2020:07:05:42 +0000] "GET /css/chat_box.css HTTP/1.1" 404 155 "http://localhost:9000/" "Mozilla/5.0 (Windows NT 10.0; Win64; x64) AppleWebKit/537.36 (KHTML, like Gecko) Chrome/87.0.4280.88 Safari/537.36"
::1 - - [27/Dec/2020:07:05:42 +0000] "GET /js/home_post_comments.js HTTP/1.1" 404 163 "http://localhost:9000/" "Mozilla/5.0 (Windows NT 10.0; Win64; x64) AppleWebKit/537.36 (KHTML, like Gecko) Chrome/87.0.4280.88 Safari/537.36"
::1 - - [27/Dec/2020:07:05:42 +0000] "GET /js/home_posts.js HTTP/1.1" 404 155 "http://localhost:9000/" "Mozilla/5.0 (Windows NT 10.0; Win64; x64) AppleWebKit/537.36 (KHTML, like Gecko) Chrome/87.0.4280.88 Safari/537.36"
::1 - - [27/Dec/2020:07:05:42 +0000] "GET /js/toggle_likes.js HTTP/1.1" 404 157 "http://localhost:9000/" "Mozilla/5.0 (Windows NT 10.0; Win64; x64) AppleWebKit/537.36 (KHTML, like Gecko) Chrome/87.0.4280.88 Safari/537.36"
::1 - - [27/Dec/2020:07:05:42 +0000] "GET /js/chat_engine.js HTTP/1.1" 404 156 "http://localhost:9000/" "Mozilla/5.0 (Windows NT 10.0; Win64; x64) AppleWebKit/537.36 (KHTML, like Gecko) Chrome/87.0.4280.88 Safari/537.36"
::1 - - [27/Dec/2020:07:08:32 +0000] "GET / HTTP/1.1" 304 - "-" "Mozilla/5.0 (Windows NT 10.0; Win64; x64) AppleWebKit/537.36 (KHTML, like Gecko) Chrome/87.0.4280.88 Safari/537.36"
::1 - - [27/Dec/2020:07:08:32 +0000] "GET /css/header.css HTTP/1.1" 404 153 "http://localhost:9000/" "Mozilla/5.0 (Windows NT 10.0; Win64; x64) AppleWebKit/537.36 (KHTML, like Gecko) Chrome/87.0.4280.88 Safari/537.36"
::1 - - [27/Dec/2020:07:08:32 +0000] "GET /css/footer.css HTTP/1.1" 404 153 "http://localhost:9000/" "Mozilla/5.0 (Windows NT 10.0; Win64; x64) AppleWebKit/537.36 (KHTML, like Gecko) Chrome/87.0.4280.88 Safari/537.36"
::1 - - [27/Dec/2020:07:08:32 +0000] "GET /css/home.css HTTP/1.1" 404 151 "http://localhost:9000/" "Mozilla/5.0 (Windows NT 10.0; Win64; x64) AppleWebKit/537.36 (KHTML, like Gecko) Chrome/87.0.4280.88 Safari/537.36"
::1 - - [27/Dec/2020:07:08:32 +0000] "GET /css/chat_box.css HTTP/1.1" 404 155 "http://localhost:9000/" "Mozilla/5.0 (Windows NT 10.0; Win64; x64) AppleWebKit/537.36 (KHTML, like Gecko) Chrome/87.0.4280.88 Safari/537.36"
::1 - - [27/Dec/2020:07:08:32 +0000] "GET /js/home_posts.js HTTP/1.1" 404 155 "http://localhost:9000/" "Mozilla/5.0 (Windows NT 10.0; Win64; x64) AppleWebKit/537.36 (KHTML, like Gecko) Chrome/87.0.4280.88 Safari/537.36"
::1 - - [27/Dec/2020:07:08:32 +0000] "GET /js/home_post_comments.js HTTP/1.1" 404 163 "http://localhost:9000/" "Mozilla/5.0 (Windows NT 10.0; Win64; x64) AppleWebKit/537.36 (KHTML, like Gecko) Chrome/87.0.4280.88 Safari/537.36"
::1 - - [27/Dec/2020:07:08:32 +0000] "GET /js/toggle_likes.js HTTP/1.1" 404 157 "http://localhost:9000/" "Mozilla/5.0 (Windows NT 10.0; Win64; x64) AppleWebKit/537.36 (KHTML, like Gecko) Chrome/87.0.4280.88 Safari/537.36"
::1 - - [27/Dec/2020:07:08:32 +0000] "GET /js/chat_engine.js HTTP/1.1" 404 156 "http://localhost:9000/" "Mozilla/5.0 (Windows NT 10.0; Win64; x64) AppleWebKit/537.36 (KHTML, like Gecko) Chrome/87.0.4280.88 Safari/537.36"
::1 - - [27/Dec/2020:07:08:32 +0000] "GET /css/header.css HTTP/1.1" 404 153 "http://localhost:9000/" "Mozilla/5.0 (Windows NT 10.0; Win64; x64) AppleWebKit/537.36 (KHTML, like Gecko) Chrome/87.0.4280.88 Safari/537.36"
::1 - - [27/Dec/2020:07:08:32 +0000] "GET /css/footer.css HTTP/1.1" 404 153 "http://localhost:9000/" "Mozilla/5.0 (Windows NT 10.0; Win64; x64) AppleWebKit/537.36 (KHTML, like Gecko) Chrome/87.0.4280.88 Safari/537.36"
::1 - - [27/Dec/2020:07:08:32 +0000] "GET /css/home.css HTTP/1.1" 404 151 "http://localhost:9000/" "Mozilla/5.0 (Windows NT 10.0; Win64; x64) AppleWebKit/537.36 (KHTML, like Gecko) Chrome/87.0.4280.88 Safari/537.36"
::1 - - [27/Dec/2020:07:08:32 +0000] "GET /css/chat_box.css HTTP/1.1" 404 155 "http://localhost:9000/" "Mozilla/5.0 (Windows NT 10.0; Win64; x64) AppleWebKit/537.36 (KHTML, like Gecko) Chrome/87.0.4280.88 Safari/537.36"
::1 - - [27/Dec/2020:07:08:32 +0000] "GET /js/home_post_comments.js HTTP/1.1" 404 163 "http://localhost:9000/" "Mozilla/5.0 (Windows NT 10.0; Win64; x64) AppleWebKit/537.36 (KHTML, like Gecko) Chrome/87.0.4280.88 Safari/537.36"
::1 - - [27/Dec/2020:07:08:32 +0000] "GET /js/home_posts.js HTTP/1.1" 404 155 "http://localhost:9000/" "Mozilla/5.0 (Windows NT 10.0; Win64; x64) AppleWebKit/537.36 (KHTML, like Gecko) Chrome/87.0.4280.88 Safari/537.36"
::1 - - [27/Dec/2020:07:08:32 +0000] "GET /js/toggle_likes.js HTTP/1.1" 404 157 "http://localhost:9000/" "Mozilla/5.0 (Windows NT 10.0; Win64; x64) AppleWebKit/537.36 (KHTML, like Gecko) Chrome/87.0.4280.88 Safari/537.36"
::1 - - [27/Dec/2020:07:08:32 +0000] "GET /js/chat_engine.js HTTP/1.1" 404 156 "http://localhost:9000/" "Mozilla/5.0 (Windows NT 10.0; Win64; x64) AppleWebKit/537.36 (KHTML, like Gecko) Chrome/87.0.4280.88 Safari/537.36"
::1 - - [27/Dec/2020:07:14:21 +0000] "GET / HTTP/1.1" 200 2605 "-" "Mozilla/5.0 (Windows NT 10.0; Win64; x64) AppleWebKit/537.36 (KHTML, like Gecko) Chrome/87.0.4280.88 Safari/537.36"
::1 - - [27/Dec/2020:07:15:41 +0000] "GET /users/sign-in HTTP/1.1" 200 2556 "http://localhost:9000/" "Mozilla/5.0 (Windows NT 10.0; Win64; x64) AppleWebKit/537.36 (KHTML, like Gecko) Chrome/87.0.4280.88 Safari/537.36"
::1 - - [27/Dec/2020:07:15:41 +0000] "GET /css/signin.css HTTP/1.1" 404 153 "http://localhost:9000/users/sign-in" "Mozilla/5.0 (Windows NT 10.0; Win64; x64) AppleWebKit/537.36 (KHTML, like Gecko) Chrome/87.0.4280.88 Safari/537.36"
::1 - - [27/Dec/2020:07:15:41 +0000] "GET /css/signin.css HTTP/1.1" 404 153 "http://localhost:9000/users/sign-in" "Mozilla/5.0 (Windows NT 10.0; Win64; x64) AppleWebKit/537.36 (KHTML, like Gecko) Chrome/87.0.4280.88 Safari/537.36"
::1 - - [27/Dec/2020:07:17:31 +0000] "GET /users/sign-in HTTP/1.1" 200 2567 "http://localhost:9000/" "Mozilla/5.0 (Windows NT 10.0; Win64; x64) AppleWebKit/537.36 (KHTML, like Gecko) Chrome/87.0.4280.88 Safari/537.36"
::1 - - [27/Dec/2020:07:17:34 +0000] "GET /users/sign-up HTTP/1.1" 200 2681 "http://localhost:9000/users/sign-in" "Mozilla/5.0 (Windows NT 10.0; Win64; x64) AppleWebKit/537.36 (KHTML, like Gecko) Chrome/87.0.4280.88 Safari/537.36"
::1 - - [27/Dec/2020:07:17:36 +0000] "GET / HTTP/1.1" 304 - "http://localhost:9000/users/sign-up" "Mozilla/5.0 (Windows NT 10.0; Win64; x64) AppleWebKit/537.36 (KHTML, like Gecko) Chrome/87.0.4280.88 Safari/537.36"
::1 - - [27/Dec/2020:07:17:38 +0000] "GET /users/sign-in HTTP/1.1" 304 - "http://localhost:9000/" "Mozilla/5.0 (Windows NT 10.0; Win64; x64) AppleWebKit/537.36 (KHTML, like Gecko) Chrome/87.0.4280.88 Safari/537.36"
::1 - - [27/Dec/2020:07:17:39 +0000] "GET /users/auth/google HTTP/1.1" 302 0 "http://localhost:9000/users/sign-in" "Mozilla/5.0 (Windows NT 10.0; Win64; x64) AppleWebKit/537.36 (KHTML, like Gecko) Chrome/87.0.4280.88 Safari/537.36"
::1 - - [27/Dec/2020:07:18:17 +0000] "GET / HTTP/1.1" 304 - "-" "Mozilla/5.0 (Windows NT 10.0; Win64; x64) AppleWebKit/537.36 (KHTML, like Gecko) Chrome/87.0.4280.88 Safari/537.36"
::1 - - [27/Dec/2020:07:18:20 +0000] "GET /users/sign-up HTTP/1.1" 304 - "http://localhost:9000/" "Mozilla/5.0 (Windows NT 10.0; Win64; x64) AppleWebKit/537.36 (KHTML, like Gecko) Chrome/87.0.4280.88 Safari/537.36"
::1 - - [27/Dec/2020:07:18:23 +0000] "GET /users/sign-in HTTP/1.1" 304 - "http://localhost:9000/users/sign-up" "Mozilla/5.0 (Windows NT 10.0; Win64; x64) AppleWebKit/537.36 (KHTML, like Gecko) Chrome/87.0.4280.88 Safari/537.36"
::1 - - [27/Dec/2020:07:19:19 +0000] "GET /users/sign-in HTTP/1.1" 304 - "http://localhost:9000/users/sign-up" "Mozilla/5.0 (Windows NT 10.0; Win64; x64) AppleWebKit/537.36 (KHTML, like Gecko) Chrome/87.0.4280.88 Safari/537.36"
[0mGET /users/auth/google [36m302[0m 17.598 ms - 0[0m
[0mGET /users/auth/google/callback?code=4%2F0AY0e-g74TzbgbhEgrccb8yyqw__7kzCE9baGBbkKR9kd4ctK91YWXv-UkgDogZAEWARb6A&scope=email+profile+https%3A%2F%2Fwww.googleapis.com%2Fauth%2Fuserinfo.profile+https%3A%2F%2Fwww.googleapis.com%2Fauth%2Fuserinfo.email+openid&authuser=0&prompt=consent [36m302[0m 1259.582 ms - 46[0m
[0mGET / [32m200[0m 102.020 ms - 6166[0m
[0mGET /users/sign-out [36m302[0m 10.640 ms - 46[0m
[0mGET / [32m200[0m 33.276 ms - 3995[0m
::1 - - [27/Dec/2020:07:25:25 +0000] "GET / HTTP/1.1" 200 2605 "http://localhost:9000/" "Mozilla/5.0 (Windows NT 10.0; Win64; x64) AppleWebKit/537.36 (KHTML, like Gecko) Chrome/87.0.4280.88 Safari/537.36"
::1 - - [27/Dec/2020:07:37:50 +0000] "GET / HTTP/1.1" 304 - "http://localhost:9000/" "Mozilla/5.0 (Windows NT 10.0; Win64; x64) AppleWebKit/537.36 (KHTML, like Gecko) Chrome/87.0.4280.88 Safari/537.36"
